android/app/build/intermediates/manifest_merge_blame_file/release/processReleaseMainManifest/manifest-merger-blame-release-report.txt
1<?xml version="1.0" encoding="utf-8"?>
2<manifest xmlns:android="http://schemas.android.com/apk/res/android"
3    package="com.nural.quran"
4    android:versionCode="1"
5    android:versionName="1.0" >
6
7    <uses-sdk
8        android:minSdkVersion="22"
9        android:targetSdkVersion="35" />
10
11    <!-- Permissions -->
12
13    <uses-permission android:name="android.permission.INTERNET" />
13-->src\main\AndroidManifest.xml:40:5-67
13-->src\main\AndroidManifest.xml:40:22-64
14    <uses-permission android:name="android.permission.RECORD_AUDIO" />
14-->src\main\AndroidManifest.xml:41:5-71
14-->src\main\AndroidManifest.xml:41:22-68
15    <uses-permission android:name="android.permission.VIBRATE" />
15-->src\main\AndroidManifest.xml:42:5-66
15-->src\main\AndroidManifest.xml:42:22-63
16    <uses-permission android:name="android.permission.POST_NOTIFICATIONS" />
16-->src\main\AndroidManifest.xml:43:5-77
16-->src\main\AndroidManifest.xml:43:22-74
17    <uses-permission android:name="android.permission.RECEIVE_BOOT_COMPLETED" />
17-->src\main\AndroidManifest.xml:44:5-81
17-->src\main\AndroidManifest.xml:44:22-78
18    <uses-permission android:name="android.permission.SCHEDULE_EXACT_ALARM" />
18-->src\main\AndroidManifest.xml:45:5-79
18-->src\main\AndroidManifest.xml:45:22-76
19    <uses-permission android:name="android.permission.USE_EXACT_ALARM" />
19-->src\main\AndroidManifest.xml:46:5-74
19-->src\main\AndroidManifest.xml:46:22-71
20
21    <queries>
21-->[:capacitor-community-speech-recognition] AndroidManifest.xml:9:5-13:15
22        <intent>
22-->[:capacitor-community-speech-recognition] AndroidManifest.xml:10:9-12:18
23            <action android:name="android.speech.RecognitionService" />
23-->[:capacitor-community-speech-recognition] AndroidManifest.xml:11:13-72
23-->[:capacitor-community-speech-recognition] AndroidManifest.xml:11:21-69
24        </intent>
25    </queries>
26
27    <uses-permission android:name="android.permission.WAKE_LOCK" />
27-->[:capacitor-local-notifications] AndroidManifest.xml:8:5-68
27-->[:capacitor-local-notifications] AndroidManifest.xml:8:22-65
28
29    <permission
29-->[androidx.core:core:1.10.0] AndroidManifest.xml:22:5-24:47
30        android:name="com.nural.quran.DYNAMIC_RECEIVER_NOT_EXPORTED_PERMISSION"
30-->[androidx.core:core:1.10.0] AndroidManifest.xml:23:9-81
31        android:protectionLevel="signature" />
31-->[androidx.core:core:1.10.0] AndroidManifest.xml:24:9-44
32
33    <uses-permission android:name="com.nural.quran.DYNAMIC_RECEIVER_NOT_EXPORTED_PERMISSION" />
33-->[androidx.core:core:1.10.0] AndroidManifest.xml:26:5-97
33-->[androidx.core:core:1.10.0] AndroidManifest.xml:26:22-94
34
35    <application
35-->src\main\AndroidManifest.xml:4:5-36:19
36        android:allowBackup="true"
36-->src\main\AndroidManifest.xml:5:9-35
37        android:appComponentFactory="androidx.core.app.CoreComponentFactory"
37-->[androidx.core:core:1.10.0] AndroidManifest.xml:28:18-86
38        android:extractNativeLibs="true"
39        android:icon="@mipmap/ic_launcher"
39-->src\main\AndroidManifest.xml:6:9-43
40        android:label="@string/app_name"
40-->src\main\AndroidManifest.xml:7:9-41
41        android:roundIcon="@mipmap/ic_launcher_round"
41-->src\main\AndroidManifest.xml:8:9-54
42        android:supportsRtl="true"
42-->src\main\AndroidManifest.xml:9:9-35
43        android:theme="@style/AppTheme" >
43-->src\main\AndroidManifest.xml:10:9-40
44        <activity
44-->src\main\AndroidManifest.xml:12:9-25:20
45            android:name="com.nural.quran.MainActivity"
45-->src\main\AndroidManifest.xml:14:13-41
46            android:configChanges="orientation|keyboardHidden|keyboard|screenSize|locale|smallestScreenSize|screenLayout|uiMode"
46-->src\main\AndroidManifest.xml:13:13-129
47            android:exported="true"
47-->src\main\AndroidManifest.xml:18:13-36
48            android:label="@string/title_activity_main"
48-->src\main\AndroidManifest.xml:15:13-56
49            android:launchMode="singleTask"
49-->src\main\AndroidManifest.xml:17:13-44
50            android:theme="@style/AppTheme.NoActionBarLaunch" >
50-->src\main\AndroidManifest.xml:16:13-62
51            <intent-filter>
51-->src\main\AndroidManifest.xml:20:13-23:29
52                <action android:name="android.intent.action.MAIN" />
52-->src\main\AndroidManifest.xml:21:17-69
52-->src\main\AndroidManifest.xml:21:25-66
53
54                <category android:name="android.intent.category.LAUNCHER" />
54-->src\main\AndroidManifest.xml:22:17-77
54-->src\main\AndroidManifest.xml:22:27-74
55            </intent-filter>
56        </activity>
57
58        <provider
59            android:name="androidx.core.content.FileProvider"
59-->src\main\AndroidManifest.xml:28:13-62
60            android:authorities="com.nural.quran.fileprovider"
60-->src\main\AndroidManifest.xml:29:13-64
61            android:exported="false"
61-->src\main\AndroidManifest.xml:30:13-37
62            android:grantUriPermissions="true" >
62-->src\main\AndroidManifest.xml:31:13-47
63            <meta-data
63-->src\main\AndroidManifest.xml:32:13-34:64
64                android:name="android.support.FILE_PROVIDER_PATHS"
64-->src\main\AndroidManifest.xml:33:17-67
65                android:resource="@xml/file_paths" />
65-->src\main\AndroidManifest.xml:34:17-51
66        </provider>
67
68        <receiver android:name="com.capacitorjs.plugins.localnotifications.TimedNotificationPublisher" />
68-->[:capacitor-local-notifications] AndroidManifest.xml:12:9-106
68-->[:capacitor-local-notifications] AndroidManifest.xml:12:19-103
69        <receiver android:name="com.capacitorjs.plugins.localnotifications.NotificationDismissReceiver" />
69-->[:capacitor-local-notifications] AndroidManifest.xml:13:9-107
69-->[:capacitor-local-notifications] AndroidManifest.xml:13:19-104
70        <receiver
70-->[:capacitor-local-notifications] AndroidManifest.xml:14:9-23:20
71            android:name="com.capacitorjs.plugins.localnotifications.LocalNotificationRestoreReceiver"
71-->[:capacitor-local-notifications] AndroidManifest.xml:15:13-103
72            android:directBootAware="true"
72-->[:capacitor-local-notifications] AndroidManifest.xml:16:13-43
73            android:exported="false" >
73-->[:capacitor-local-notifications] AndroidManifest.xml:17:13-37
74            <intent-filter>
74-->[:capacitor-local-notifications] AndroidManifest.xml:18:13-22:29
75                <action android:name="android.intent.action.LOCKED_BOOT_COMPLETED" />
75-->[:capacitor-local-notifications] AndroidManifest.xml:19:17-86
75-->[:capacitor-local-notifications] AndroidManifest.xml:19:25-83
76                <action android:name="android.intent.action.BOOT_COMPLETED" />
76-->[:capacitor-local-notifications] AndroidManifest.xml:20:17-79
76-->[:capacitor-local-notifications] AndroidManifest.xml:20:25-76
77                <action android:name="android.intent.action.QUICKBOOT_POWERON" />
77-->[:capacitor-local-notifications] AndroidManifest.xml:21:17-82
77-->[:capacitor-local-notifications] AndroidManifest.xml:21:25-79
78            </intent-filter>
79        </receiver>
80
81        <provider
81-->[androidx.emoji2:emoji2:1.2.0] AndroidManifest.xml:24:9-32:20
82            android:name="androidx.startup.InitializationProvider"
82-->[androidx.emoji2:emoji2:1.2.0] AndroidManifest.xml:25:13-67
83            android:authorities="com.nural.quran.androidx-startup"
83-->[androidx.emoji2:emoji2:1.2.0] AndroidManifest.xml:26:13-68
84            android:exported="false" >
84-->[androidx.emoji2:emoji2:1.2.0] AndroidManifest.xml:27:13-37
85            <meta-data
85-->[androidx.emoji2:emoji2:1.2.0] AndroidManifest.xml:29:13-31:52
86                android:name="androidx.emoji2.text.EmojiCompatInitializer"
86-->[androidx.emoji2:emoji2:1.2.0] AndroidManifest.xml:30:17-75
87                android:value="androidx.startup" />
87-->[androidx.emoji2:emoji2:1.2.0] AndroidManifest.xml:31:17-49
88            <meta-data
88-->[androidx.lifecycle:lifecycle-process:2.6.1] AndroidManifest.xml:29:13-31:52
89                android:name="androidx.lifecycle.ProcessLifecycleInitializer"
89-->[androidx.lifecycle:lifecycle-process:2.6.1] AndroidManifest.xml:30:17-78
90                android:value="androidx.startup" />
90-->[androidx.lifecycle:lifecycle-process:2.6.1] AndroidManifest.xml:31:17-49
91            <meta-data
91-->[androidx.profileinstaller:profileinstaller:1.3.0] AndroidManifest.xml:29:13-31:52
92                android:name="androidx.profileinstaller.ProfileInstallerInitializer"
92-->[androidx.profileinstaller:profileinstaller:1.3.0] AndroidManifest.xml:30:17-85
93                android:value="androidx.startup" />
93-->[androidx.profileinstaller:profileinstaller:1.3.0] AndroidManifest.xml:31:17-49
94        </provider>
95
96        <receiver
96-->[androidx.profileinstaller:profileinstaller:1.3.0] AndroidManifest.xml:34:9-52:20
97            android:name="androidx.profileinstaller.ProfileInstallReceiver"
97-->[androidx.profileinstaller:profileinstaller:1.3.0] AndroidManifest.xml:35:13-76
98            android:directBootAware="false"
98-->[androidx.profileinstaller:profileinstaller:1.3.0] AndroidManifest.xml:36:13-44
99            android:enabled="true"
99-->[androidx.profileinstaller:profileinstaller:1.3.0] AndroidManifest.xml:37:13-35
100            android:exported="true"
100-->[androidx.profileinstaller:profileinstaller:1.3.0] AndroidManifest.xml:38:13-36
101            android:permission="android.permission.DUMP" >
101-->[androidx.profileinstaller:profileinstaller:1.3.0] AndroidManifest.xml:39:13-57
102            <intent-filter>
102-->[androidx.profileinstaller:profileinstaller:1.3.0] AndroidManifest.xml:40:13-42:29
103                <action android:name="androidx.profileinstaller.action.INSTALL_PROFILE" />
103-->[androidx.profileinstaller:profileinstaller:1.3.0] AndroidManifest.xml:41:17-91
103-->[androidx.profileinstaller:profileinstaller:1.3.0] AndroidManifest.xml:41:25-88
104            </intent-filter>
105            <intent-filter>
105-->[androidx.profileinstaller:profileinstaller:1.3.0] AndroidManifest.xml:43:13-45:29
106                <action android:name="androidx.profileinstaller.action.SKIP_FILE" />
106-->[androidx.profileinstaller:profileinstaller:1.3.0] AndroidManifest.xml:44:17-85
106-->[androidx.profileinstaller:profileinstaller:1.3.0] AndroidManifest.xml:44:25-82
107            </intent-filter>
108            <intent-filter>
108-->[androidx.profileinstaller:profileinstaller:1.3.0] AndroidManifest.xml:46:13-48:29
109                <action android:name="androidx.profileinstaller.action.SAVE_PROFILE" />
109-->[androidx.profileinstaller:profileinstaller:1.3.0] AndroidManifest.xml:47:17-88
109-->[androidx.profileinstaller:profileinstaller:1.3.0] AndroidManifest.xml:47:25-85
110            </intent-filter>
111            <intent-filter>
111-->[androidx.profileinstaller:profileinstaller:1.3.0] AndroidManifest.xml:49:13-51:29
112                <action android:name="androidx.profileinstaller.action.BENCHMARK_OPERATION" />
112-->[androidx.profileinstaller:profileinstaller:1.3.0] AndroidManifest.xml:50:17-95
112-->[androidx.profileinstaller:profileinstaller:1.3.0] AndroidManifest.xml:50:25-92
113            </intent-filter>
114        </receiver>
115    </application>
116
117</manifest>